11:31:12.713 [main] INFO  bksoft.OpenCartAutomation.testcases.HomePageTest - Initializing driver object.
11:31:13.636 [main] DEBUG io.netty.util.internal.logging.InternalLoggerFactory - Using Log4J2 as the default logging framework
11:31:13.659 [main] DEBUG io.netty.util.ResourceLeakDetector - -Dio.netty.leakDetection.level: simple
11:31:13.660 [main] DEBUG io.netty.util.ResourceLeakDetector - -Dio.netty.leakDetection.targetRecords: 4
11:31:13.667 [main] DEBUG io.netty.util.ResourceLeakDetectorFactory - Loaded default ResourceLeakDetector: io.netty.util.ResourceLeakDetector@736048ed
11:31:13.692 [main] DEBUG io.netty.util.internal.PlatformDependent0 - -Dio.netty.noUnsafe: false
11:31:13.692 [main] DEBUG io.netty.util.internal.PlatformDependent0 - Java version: 17
11:31:13.693 [main] DEBUG io.netty.util.internal.PlatformDependent0 - sun.misc.Unsafe.theUnsafe: available
11:31:13.693 [main] DEBUG io.netty.util.internal.PlatformDependent0 - sun.misc.Unsafe.copyMemory: available
11:31:13.694 [main] DEBUG io.netty.util.internal.PlatformDependent0 - sun.misc.Unsafe.storeFence: available
11:31:13.695 [main] DEBUG io.netty.util.internal.PlatformDependent0 - java.nio.Buffer.address: available
11:31:13.695 [main] DEBUG io.netty.util.internal.PlatformDependent0 - direct buffer constructor: unavailable: Reflective setAccessible(true) disabled
11:31:13.697 [main] DEBUG io.netty.util.internal.PlatformDependent0 - java.nio.Bits.unaligned: available, true
11:31:13.698 [main] DEBUG io.netty.util.internal.PlatformDependent0 - jdk.internal.misc.Unsafe.allocateUninitializedArray(int): unavailable: class io.netty.util.internal.PlatformDependent0$7 cannot access class jdk.internal.misc.Unsafe (in module java.base) because module java.base does not export jdk.internal.misc to unnamed module @49993335
11:31:13.699 [main] DEBUG io.netty.util.internal.PlatformDependent0 - java.nio.DirectByteBuffer.<init>(long, int): unavailable
11:31:13.699 [main] DEBUG io.netty.util.internal.PlatformDependent - sun.misc.Unsafe: available
11:31:13.700 [main] DEBUG io.netty.util.internal.PlatformDependent - maxDirectMemory: 2103443456 bytes (maybe)
11:31:13.700 [main] DEBUG io.netty.util.internal.PlatformDependent - -Dio.netty.tmpdir: C:\Users\sethy\AppData\Local\Temp (java.io.tmpdir)
11:31:13.700 [main] DEBUG io.netty.util.internal.PlatformDependent - -Dio.netty.bitMode: 64 (sun.arch.data.model)
11:31:13.701 [main] DEBUG io.netty.util.internal.PlatformDependent - Platform: Windows
11:31:13.702 [main] DEBUG io.netty.util.internal.PlatformDependent - -Dio.netty.maxDirectMemory: -1 bytes
11:31:13.702 [main] DEBUG io.netty.util.internal.PlatformDependent - -Dio.netty.uninitializedArrayAllocationThreshold: -1
11:31:13.703 [main] DEBUG io.netty.util.internal.CleanerJava9 - java.nio.ByteBuffer.cleaner(): available
11:31:13.703 [main] DEBUG io.netty.util.internal.PlatformDependent - -Dio.netty.noPreferDirect: false
11:31:13.713 [main] DEBUG io.netty.util.internal.PlatformDependent - org.jctools-core.MpscChunkedArrayQueue: available
11:31:13.736 [main] DEBUG io.netty.util.internal.InternalThreadLocalMap - -Dio.netty.threadLocalMap.stringBuilder.initialSize: 1024
11:31:13.736 [main] DEBUG io.netty.util.internal.InternalThreadLocalMap - -Dio.netty.threadLocalMap.stringBuilder.maxSize: 4096
11:31:13.790 [main] DEBUG io.netty.handler.ssl.JdkSslContext - Default protocols (JDK): [TLSv1.3, TLSv1.2] 
11:31:13.790 [main] DEBUG io.netty.handler.ssl.JdkSslContext - Default cipher suites (JDK): [TLS_ECDHE_ECDSA_WITH_AES_256_GCM_SHA384, TLS_ECDHE_ECDSA_WITH_AES_128_GCM_SHA256, TLS_ECDHE_RSA_WITH_AES_128_GCM_SHA256, TLS_ECDHE_RSA_WITH_AES_256_GCM_SHA384, TLS_ECDHE_RSA_WITH_AES_128_CBC_SHA, TLS_ECDHE_RSA_WITH_AES_256_CBC_SHA, TLS_RSA_WITH_AES_128_GCM_SHA256, TLS_RSA_WITH_AES_128_CBC_SHA, TLS_RSA_WITH_AES_256_CBC_SHA, TLS_AES_128_GCM_SHA256, TLS_AES_256_GCM_SHA384]
11:31:13.805 [main] DEBUG io.netty.util.concurrent.GlobalEventExecutor - -Dio.netty.globalEventExecutor.quietPeriodSeconds: 1
11:31:13.818 [main] DEBUG io.netty.channel.MultithreadEventLoopGroup - -Dio.netty.eventLoopThreads: 8
11:31:13.828 [main] DEBUG io.netty.channel.nio.NioEventLoop - -Dio.netty.noKeySetOptimization: false
11:31:13.828 [main] DEBUG io.netty.channel.nio.NioEventLoop - -Dio.netty.selectorAutoRebuildThreshold: 512
11:31:13.870 [main] DEBUG io.netty.buffer.PooledByteBufAllocator - -Dio.netty.allocator.numHeapArenas: 8
11:31:13.871 [main] DEBUG io.netty.buffer.PooledByteBufAllocator - -Dio.netty.allocator.numDirectArenas: 8
11:31:13.871 [main] DEBUG io.netty.buffer.PooledByteBufAllocator - -Dio.netty.allocator.pageSize: 8192
11:31:13.871 [main] DEBUG io.netty.buffer.PooledByteBufAllocator - -Dio.netty.allocator.maxOrder: 9
11:31:13.871 [main] DEBUG io.netty.buffer.PooledByteBufAllocator - -Dio.netty.allocator.chunkSize: 4194304
11:31:13.871 [main] DEBUG io.netty.buffer.PooledByteBufAllocator - -Dio.netty.allocator.smallCacheSize: 256
11:31:13.871 [main] DEBUG io.netty.buffer.PooledByteBufAllocator - -Dio.netty.allocator.normalCacheSize: 64
11:31:13.871 [main] DEBUG io.netty.buffer.PooledByteBufAllocator - -Dio.netty.allocator.maxCachedBufferCapacity: 32768
11:31:13.871 [main] DEBUG io.netty.buffer.PooledByteBufAllocator - -Dio.netty.allocator.cacheTrimInterval: 8192
11:31:13.871 [main] DEBUG io.netty.buffer.PooledByteBufAllocator - -Dio.netty.allocator.cacheTrimIntervalMillis: 0
11:31:13.871 [main] DEBUG io.netty.buffer.PooledByteBufAllocator - -Dio.netty.allocator.useCacheForAllThreads: false
11:31:13.871 [main] DEBUG io.netty.buffer.PooledByteBufAllocator - -Dio.netty.allocator.maxCachedByteBuffersPerChunk: 1023
11:31:13.885 [main] DEBUG io.netty.buffer.ByteBufUtil - -Dio.netty.allocator.type: pooled
11:31:13.886 [main] DEBUG io.netty.buffer.ByteBufUtil - -Dio.netty.threadLocalDirectBufferSize: 0
11:31:13.886 [main] DEBUG io.netty.buffer.ByteBufUtil - -Dio.netty.maxThreadLocalCharBufferSize: 16384
11:31:14.245 [Forwarding newSession on session null to remote] DEBUG io.netty.channel.DefaultChannelId - -Dio.netty.processId: 1820 (auto-detected)
11:31:14.247 [Forwarding newSession on session null to remote] DEBUG io.netty.util.NetUtil - -Djava.net.preferIPv4Stack: false
11:31:14.247 [Forwarding newSession on session null to remote] DEBUG io.netty.util.NetUtil - -Djava.net.preferIPv6Addresses: false
11:31:14.254 [Forwarding newSession on session null to remote] DEBUG io.netty.util.NetUtilInitializations - Loopback interface: lo (Software Loopback Interface 1, 127.0.0.1)
11:31:14.255 [Forwarding newSession on session null to remote] DEBUG io.netty.util.NetUtil - Failed to get SOMAXCONN from sysctl and file \proc\sys\net\core\somaxconn. Default: 200
11:31:14.261 [Forwarding newSession on session null to remote] DEBUG io.netty.channel.DefaultChannelId - -Dio.netty.machineId: 54:be:f7:ff:fe:0c:c3:0e (auto-detected)
11:31:14.306 [AsyncHttpClient-1-2] DEBUG io.netty.buffer.AbstractByteBuf - -Dio.netty.buffer.checkAccessible: true
11:31:14.306 [AsyncHttpClient-1-2] DEBUG io.netty.buffer.AbstractByteBuf - -Dio.netty.buffer.checkBounds: true
11:31:14.306 [AsyncHttpClient-1-2] DEBUG io.netty.util.ResourceLeakDetectorFactory - Loaded default ResourceLeakDetector: io.netty.util.ResourceLeakDetector@5aad1751
11:31:14.333 [AsyncHttpClient-1-2] DEBUG io.netty.util.Recycler - -Dio.netty.recycler.maxCapacityPerThread: 4096
11:31:14.333 [AsyncHttpClient-1-2] DEBUG io.netty.util.Recycler - -Dio.netty.recycler.ratio: 8
11:31:14.333 [AsyncHttpClient-1-2] DEBUG io.netty.util.Recycler - -Dio.netty.recycler.chunkSize: 32
11:31:14.333 [AsyncHttpClient-1-2] DEBUG io.netty.util.Recycler - -Dio.netty.recycler.blocking: false
11:31:14.333 [AsyncHttpClient-1-2] DEBUG io.netty.util.Recycler - -Dio.netty.recycler.batchFastThreadLocalOnly: true
11:31:16.376 [AsyncHttpClient-1-2] DEBUG io.netty.handler.codec.compression.Brotli - brotli4j not in the classpath; Brotli support will be unavailable.
11:31:16.498 [main] DEBUG io.netty.util.internal.ThreadLocalRandom - -Dio.netty.initialSeedUniquifier: 0xc0ad2ebe8e4ef7c5
11:31:18.940 [main] INFO  bksoft.OpenCartAutomation.testcases.HomePageTest - TC_005 VERIFY HYPERLINK PAGES TEST.
11:31:18.940 [main] INFO  bksoft.OpenCartAutomation.pages.HomePage - Getting the hyperlink of heading : Information
11:31:20.122 [main] DEBUG bksoft.OpenCartAutomation.base.PageBase - Flashed successful...
11:31:20.171 [main] INFO  bksoft.OpenCartAutomation.pages.HomePage - Clicking on hyperlink : Terms & Conditions
11:31:21.210 [main] DEBUG bksoft.OpenCartAutomation.base.PageBase - Flashed successful...
11:31:21.717 [main] DEBUG bksoft.OpenCartAutomation.base.PageBase - Clicked successful...
11:31:22.123 [main] DEBUG bksoft.OpenCartAutomation.base.PageBase - Navigate back successful...
11:31:22.142 [main] INFO  bksoft.OpenCartAutomation.testcases.HomePageTest - TC_005 VERIFY HYPERLINK PAGES TEST.
11:31:22.143 [main] INFO  bksoft.OpenCartAutomation.pages.HomePage - Getting the hyperlink of heading : Information
11:31:23.234 [main] DEBUG bksoft.OpenCartAutomation.base.PageBase - Flashed successful...
11:31:23.281 [main] INFO  bksoft.OpenCartAutomation.pages.HomePage - Clicking on hyperlink : Delivery Information
11:31:24.346 [main] DEBUG bksoft.OpenCartAutomation.base.PageBase - Flashed successful...
11:31:24.742 [main] DEBUG bksoft.OpenCartAutomation.base.PageBase - Clicked successful...
11:31:25.165 [main] DEBUG bksoft.OpenCartAutomation.base.PageBase - Navigate back successful...
11:31:25.172 [main] INFO  bksoft.OpenCartAutomation.testcases.HomePageTest - TC_005 VERIFY HYPERLINK PAGES TEST.
11:31:25.172 [main] INFO  bksoft.OpenCartAutomation.pages.HomePage - Getting the hyperlink of heading : Information
11:31:26.268 [main] DEBUG bksoft.OpenCartAutomation.base.PageBase - Flashed successful...
11:31:26.309 [main] INFO  bksoft.OpenCartAutomation.pages.HomePage - Clicking on hyperlink : 2About Us
11:31:26.403 [main] ERROR bksoft.OpenCartAutomation.pages.HomePage - hyperlink not found!
11:31:26.408 [main] INFO  bksoft.OpenCartAutomation.testcases.HomePageTest - TC_005 VERIFY HYPERLINK PAGES TEST.
11:31:26.408 [main] INFO  bksoft.OpenCartAutomation.pages.HomePage - Getting the hyperlink of heading : Information
11:31:27.463 [main] DEBUG bksoft.OpenCartAutomation.base.PageBase - Flashed successful...
11:31:27.537 [main] INFO  bksoft.OpenCartAutomation.pages.HomePage - Clicking on hyperlink : Privacy Policy
11:31:28.622 [main] DEBUG bksoft.OpenCartAutomation.base.PageBase - Flashed successful...
11:31:29.008 [main] DEBUG bksoft.OpenCartAutomation.base.PageBase - Clicked successful...
11:31:29.505 [main] DEBUG bksoft.OpenCartAutomation.base.PageBase - Navigate back successful...
11:31:29.512 [main] INFO  bksoft.OpenCartAutomation.testcases.HomePageTest - Destroying driver object.
